<?xml version="1.0" encoding="UTF-8"?><testrun name="TestDaysMonthV1" project="W4_Stub" tests="8" started="8" failures="1" errors="0" ignored="0">
  <testsuite name="testDaysMonthV1.TestDaysMonthV1" time="0.006" displayname="TestDaysMonthV1" uniqueid="[engine:junit-vintage]/[runner:testDaysMonthV1.TestDaysMonthV1]">
    <testcase name="testQ1_1" classname="testDaysMonthV1.TestDaysMonthV1" time="0.001" displayname="testQ1_1" uniqueid="[engine:junit-vintage]/[runner:testDaysMonthV1.TestDaysMonthV1]/[test:testQ1_1(testDaysMonthV1.TestDaysMonthV1)]">
      <failure>java.lang.AssertionError: expected:&lt;30&gt; but was:&lt;2022&gt;
	at org.junit.Assert.fail(Assert.java:89)
	at org.junit.Assert.failNotEquals(Assert.java:835)
	at org.junit.Assert.assertEquals(Assert.java:647)
	at org.junit.Assert.assertEquals(Assert.java:633)
	at testDaysMonthV1.TestDaysMonthV1.testQ1_1(TestDaysMonthV1.java:16)
	at java.base/jdk.internal.reflect.NativeMethodAccessorImpl.invoke0(Native Method)
	at java.base/jdk.internal.reflect.NativeMethodAccessorImpl.invoke(NativeMethodAccessorImpl.java:78)
	at java.base/jdk.internal.reflect.DelegatingMethodAccessorImpl.invoke(DelegatingMethodAccessorImpl.java:43)
	at java.base/java.lang.reflect.Method.invoke(Method.java:567)
	at org.junit.runners.model.FrameworkMethod$1.runReflectiveCall(FrameworkMethod.java:59)
	at org.junit.internal.runners.model.ReflectiveCallable.run(ReflectiveCallable.java:12)
	at org.junit.runners.model.FrameworkMethod.invokeExplosively(FrameworkMethod.java:56)
	at org.junit.internal.runners.statements.InvokeMethod.evaluate(InvokeMethod.java:17)
	at org.junit.runners.ParentRunner$3.evaluate(ParentRunner.java:306)
	at org.junit.runners.BlockJUnit4ClassRunner$1.evaluate(BlockJUnit4ClassRunner.java:100)
	at org.junit.runners.ParentRunner.runLeaf(ParentRunner.java:366)
	at org.junit.runners.BlockJUnit4ClassRunner.runChild(BlockJUnit4ClassRunner.java:103)
	at org.junit.runners.BlockJUnit4ClassRunner.runChild(BlockJUnit4ClassRunner.java:63)
	at org.junit.runners.ParentRunner$4.run(ParentRunner.java:331)
	at org.junit.runners.ParentRunner$1.schedule(ParentRunner.java:79)
	at org.junit.runners.ParentRunner.runChildren(ParentRunner.java:329)
	at org.junit.runners.ParentRunner.access$100(ParentRunner.java:66)
	at org.junit.runners.ParentRunner$2.evaluate(ParentRunner.java:293)
	at org.junit.runners.ParentRunner$3.evaluate(ParentRunner.java:306)
	at org.junit.runners.ParentRunner.run(ParentRunner.java:413)
	at org.junit.runner.JUnitCore.run(JUnitCore.java:137)
	at org.junit.runner.JUnitCore.run(JUnitCore.java:115)
	at org.junit.vintage.engine.execution.RunnerExecutor.execute(RunnerExecutor.java:42)
	at org.junit.vintage.engine.VintageTestEngine.executeAllChildren(VintageTestEngine.java:80)
	at org.junit.vintage.engine.VintageTestEngine.execute(VintageTestEngine.java:72)
	at org.junit.platform.launcher.core.EngineExecutionOrchestrator.execute(EngineExecutionOrchestrator.java:107)
	at org.junit.platform.launcher.core.EngineExecutionOrchestrator.execute(EngineExecutionOrchestrator.java:88)
	at org.junit.platform.launcher.core.EngineExecutionOrchestrator.lambda$execute$0(EngineExecutionOrchestrator.java:54)
	at org.junit.platform.launcher.core.EngineExecutionOrchestrator.withInterceptedStreams(EngineExecutionOrchestrator.java:67)
	at org.junit.platform.launcher.core.EngineExecutionOrchestrator.execute(EngineExecutionOrchestrator.java:52)
	at org.junit.platform.launcher.core.DefaultLauncher.execute(DefaultLauncher.java:114)
	at org.junit.platform.launcher.core.DefaultLauncher.execute(DefaultLauncher.java:95)
	at org.junit.platform.launcher.core.DefaultLauncherSession$DelegatingLauncher.execute(DefaultLauncherSession.java:91)
	at org.junit.platform.launcher.core.SessionPerRequestLauncher.execute(SessionPerRequestLauncher.java:60)
	at org.eclipse.jdt.internal.junit5.runner.JUnit5TestReference.run(JUnit5TestReference.java:98)
	at org.eclipse.jdt.internal.junit.runner.TestExecution.run(TestExecution.java:40)
	at org.eclipse.jdt.internal.junit.runner.RemoteTestRunner.runTests(RemoteTestRunner.java:529)
	at org.eclipse.jdt.internal.junit.runner.RemoteTestRunner.runTests(RemoteTestRunner.java:756)
	at org.eclipse.jdt.internal.junit.runner.RemoteTestRunner.run(RemoteTestRunner.java:452)
	at org.eclipse.jdt.internal.junit.runner.RemoteTestRunner.main(RemoteTestRunner.java:210)

</failure>
    </testcase>
    <testcase name="testQ1_2" classname="testDaysMonthV1.TestDaysMonthV1" time="0.0" displayname="testQ1_2" uniqueid="[engine:junit-vintage]/[runner:testDaysMonthV1.TestDaysMonthV1]/[test:testQ1_2(testDaysMonthV1.TestDaysMonthV1)]"/>
    <testcase name="testQ1_3" classname="testDaysMonthV1.TestDaysMonthV1" time="0.0" displayname="testQ1_3" uniqueid="[engine:junit-vintage]/[runner:testDaysMonthV1.TestDaysMonthV1]/[test:testQ1_3(testDaysMonthV1.TestDaysMonthV1)]"/>
    <testcase name="testQ1_4" classname="testDaysMonthV1.TestDaysMonthV1" time="0.001" displayname="testQ1_4" uniqueid="[engine:junit-vintage]/[runner:testDaysMonthV1.TestDaysMonthV1]/[test:testQ1_4(testDaysMonthV1.TestDaysMonthV1)]"/>
    <testcase name="testQ2_1" classname="testDaysMonthV1.TestDaysMonthV1" time="0.0" displayname="testQ2_1" uniqueid="[engine:junit-vintage]/[runner:testDaysMonthV1.TestDaysMonthV1]/[test:testQ2_1(testDaysMonthV1.TestDaysMonthV1)]"/>
    <testcase name="testQ2_2" classname="testDaysMonthV1.TestDaysMonthV1" time="0.0" displayname="testQ2_2" uniqueid="[engine:junit-vintage]/[runner:testDaysMonthV1.TestDaysMonthV1]/[test:testQ2_2(testDaysMonthV1.TestDaysMonthV1)]"/>
    <testcase name="testQ3_1" classname="testDaysMonthV1.TestDaysMonthV1" time="0.004" displayname="testQ3_1" uniqueid="[engine:junit-vintage]/[runner:testDaysMonthV1.TestDaysMonthV1]/[test:testQ3_1(testDaysMonthV1.TestDaysMonthV1)]"/>
    <testcase name="testQ3_2" classname="testDaysMonthV1.TestDaysMonthV1" time="0.0" displayname="testQ3_2" uniqueid="[engine:junit-vintage]/[runner:testDaysMonthV1.TestDaysMonthV1]/[test:testQ3_2(testDaysMonthV1.TestDaysMonthV1)]"/>
  </testsuite>
</testrun>
